<?xml version="1.0" encoding="UTF-8"?>
<!-- Generated by org.testng.reporters.JUnitXMLReporter -->
<testsuite ignored="2" hostname="SIddu" failures="0" tests="2" name="Create Orders" time="16.403" errors="0" timestamp="2022-12-26T17:48:21 IST">
  <testcase classname="Selenium_E2E_Project.addingItemstoCart" name="AddToCartScenario" time="3.221"/>
  <testcase classname="Selenium_E2E_Project.addingItemstoCart" name="AddToCartScenario" time="4.49"/>
  <testcase classname="Selenium_E2E_Project.addingItemstoCart" name="GettotalOrders" time="0.0">
    <ignored/>
  </testcase> <!-- GettotalOrders -->
  <testcase classname="Selenium_E2E_Project.addingItemstoCart" name="AddToCartDifferentUser" time="0.0">
    <ignored/>
  </testcase> <!-- AddToCartDifferentUser -->
</testsuite> <!-- Create Orders -->
