<?xml version="1.0" encoding="UTF-8"?>
<testng-results ignored="0" total="1" passed="1" failed="0" skipped="0">
  <reporter-output>
  </reporter-output>
  <suite started-at="2023-01-04T00:31:48 IST" name="Default suite" finished-at="2023-01-04T00:31:56 IST" duration-ms="7993">
    <groups>
      <group name="cucumber">
        <method signature="AbstractTestNGCucumberTests.runScenario(io.cucumber.testng.PickleWrapper,io.cucumber.testng.FeatureWrapper)[pri:0, instance:CucumberTestRunnerFile.TestRunner@1e0b4072]" name="runScenario" class="io.cucumber.testng.AbstractTestNGCucumberTests"/>
      </group> <!-- cucumber -->
    </groups>
    <test started-at="2023-01-04T00:31:48 IST" name="Default test" finished-at="2023-01-04T00:31:56 IST" duration-ms="7993">
      <class name="CucumberTestRunnerFile.TestRunner">
        <test-method is-config="true" signature="setUpClass(org.testng.ITestContext)[pri:0, instance:CucumberTestRunnerFile.TestRunner@1e0b4072]" started-at="2023-01-04T00:31:48 IST" name="setUpClass" finished-at="2023-01-04T00:31:49 IST" duration-ms="696" status="PASS">
          <params>
            <param index="0">
              <value>
                <![CDATA[org.testng.TestRunner@687e6293]]>
              </value>
            </param>
          </params>
          <reporter-output>
          </reporter-output>
        </test-method> <!-- setUpClass -->
        <test-method signature="runScenario(io.cucumber.testng.PickleWrapper,io.cucumber.testng.FeatureWrapper)[pri:0, instance:CucumberTestRunnerFile.TestRunner@1e0b4072]" started-at="2023-01-04T00:31:49 IST" name="runScenario" description="Runs Cucumber Scenarios" data-provider="scenarios" finished-at="2023-01-04T00:31:56 IST" duration-ms="7217" status="PASS">
          <params>
            <param index="0">
              <value>
                <![CDATA["Add Specific  Items to Cart"]]>
              </value>
            </param>
            <param index="1">
              <value>
                <![CDATA["To Find Error in LogOn Page"]]>
              </value>
            </param>
          </params>
          <reporter-output>
          </reporter-output>
        </test-method> <!-- runScenario -->
        <test-method is-config="true" signature="tearDownClass()[pri:0, instance:CucumberTestRunnerFile.TestRunner@1e0b4072]" started-at="2023-01-04T00:31:56 IST" name="tearDownClass" finished-at="2023-01-04T00:31:56 IST" duration-ms="51" status="PASS">
          <reporter-output>
          </reporter-output>
        </test-method> <!-- tearDownClass -->
      </class> <!-- CucumberTestRunnerFile.TestRunner -->
    </test> <!-- Default test -->
  </suite> <!-- Default suite -->
</testng-results>
